F:\VEBCAM\HOST_PO_SKYPE_HIDLIBRARY_WIN\HOST_PO_SKYPE_HIDLIBRARY_WIN\DEBUG\MAIN.OBJ
F:\VEBCAM\HOST_PO_SKYPE_HIDLIBRARY_WIN\HOST_PO_SKYPE_HIDLIBRARY_WIN\DEBUG\VC110.PDB
F:\VEBCAM\HOST_PO_SKYPE_HIDLIBRARY_WIN\DEBUG\HOST_PO_SKYPE_HIDLIBRARY_WIN.ILK
F:\VEBCAM\HOST_PO_SKYPE_HIDLIBRARY_WIN\DEBUG\HOST_PO_SKYPE_HIDLIBRARY_WIN.EXE
F:\VEBCAM\HOST_PO_SKYPE_HIDLIBRARY_WIN\DEBUG\HOST_PO_SKYPE_HIDLIBRARY_WIN.PDB
F:\VebCam\Host_PO_Skype_HidLibrary_Win\Host_PO_Skype_HidLibrary_Win\Debug\Main.obj
F:\VebCam\Host_PO_Skype_HidLibrary_Win\Host_PO_Skype_HidLibrary_Win\Debug\skype4com.tli
F:\VebCam\Host_PO_Skype_HidLibrary_Win\Host_PO_Skype_HidLibrary_Win\Debug\skype4com.tlh
F:\VebCam\Host_PO_Skype_HidLibrary_Win\Host_PO_Skype_HidLibrary_Win\Debug\cl.command.1.tlog
F:\VebCam\Host_PO_Skype_HidLibrary_Win\Host_PO_Skype_HidLibrary_Win\Debug\CL.read.1.tlog
F:\VebCam\Host_PO_Skype_HidLibrary_Win\Host_PO_Skype_HidLibrary_Win\Debug\CL.write.1.tlog
F:\VebCam\Host_PO_Skype_HidLibrary_Win\Host_PO_Skype_HidLibrary_Win\Debug\link-cvtres.read.1.tlog
F:\VebCam\Host_PO_Skype_HidLibrary_Win\Host_PO_Skype_HidLibrary_Win\Debug\link-cvtres.write.1.tlog
F:\VebCam\Host_PO_Skype_HidLibrary_Win\Host_PO_Skype_HidLibrary_Win\Debug\link-rc.read.1.tlog
F:\VebCam\Host_PO_Skype_HidLibrary_Win\Host_PO_Skype_HidLibrary_Win\Debug\link-rc.write.1.tlog
F:\VebCam\Host_PO_Skype_HidLibrary_Win\Host_PO_Skype_HidLibrary_Win\Debug\link.command.1.tlog
F:\VebCam\Host_PO_Skype_HidLibrary_Win\Host_PO_Skype_HidLibrary_Win\Debug\link.read.1.tlog
F:\VebCam\Host_PO_Skype_HidLibrary_Win\Host_PO_Skype_HidLibrary_Win\Debug\link.write.1.tlog
F:\VebCam\Host_PO_Skype_HidLibrary_Win\Host_PO_Skype_HidLibrary_Win\Debug\vc110.idb
F:\VebCam\Host_PO_Skype_HidLibrary_Win\Host_PO_Skype_HidLibrary_Win\Debug\vc110.pdb
F:\VebCam\Host_PO_Skype_HidLibrary_Win\Debug\Host_PO_Skype_HidLibrary_Win.pdb
F:\VebCam\Host_PO_Skype_HidLibrary_Win\Debug\Host_PO_Skype_HidLibrary_Win.exe
F:\VebCam\Host_PO_Skype_HidLibrary_Win\Debug\Host_PO_Skype_HidLibrary_Win.ilk
